Autor: Alejandro Ruiz Bedolla
martes, 7 de noviembre de 2023 06:18:09 p. m.
a =  258 = 258
a =  = 2
a =  8 = 10
a =  10 = 100
a =  100 = 1
i =  1 = 1
for: i
j =  250 = 250
for: j
 250 + 2 % 0 250 + 2 % 0j =  250 = 250
for: j
 250 + 2 % 0i =  1 = 1
while: 
j =  250 = 250
while: 
 250 + 2 % 0j =  = 251
 250 + 2 % 0j =  = 252
i =  = 2
j =  250 = 250
while: 
 250 + 2 % 0j =  = 252
i =  = 3
i =  1 = 1
do: 
j =  250 = 250
do: 
 2 % 0j =  = 251
 250 +i =  = 2
-----------------
V a r i a b l e s
-----------------
altura Char = 1
i Char = 2
j Char = 251
k Char = 0
a Int = 1
z Int = 0
-----------------
